TN:
SF:game-utils.js
FN:14,getSpikeHitbox
FN:26,rectCollision
FN:37,generateLevelObjects
FN:163,distance
FN:174,clamp
FN:185,lerp
FN:196,pointInRect
FN:206,circleRectCollision
FN:219,getPlayerHitbox
FN:233,getOrbHitbox
FN:247,getBlockHitbox
FN:261,getCoinHitbox
FN:277,shouldActivateOrb
FN:289,horizontalDistance
FNF:14
FNH:14
FNDA:5,getSpikeHitbox
FNDA:12,rectCollision
FNDA:13,generateLevelObjects
FNDA:5,distance
FNDA:14,clamp
FNDA:5,lerp
FNDA:6,pointInRect
FNDA:4,circleRectCollision
FNDA:3,getPlayerHitbox
FNDA:3,getOrbHitbox
FNDA:1,getBlockHitbox
FNDA:2,getCoinHitbox
FNDA:2,shouldActivateOrb
FNDA:3,horizontalDistance
DA:15,5
DA:16,5
DA:17,5
DA:27,12
DA:38,13
DA:39,13
DA:42,13
DA:43,650
DA:46,13
DA:49,3
DA:50,57
DA:51,18
DA:54,3
DA:57,1
DA:58,19
DA:59,9
DA:62,1
DA:65,1
DA:66,24
DA:67,24
DA:68,6
DA:71,1
DA:74,1
DA:75,24
DA:76,24
DA:78,1
DA:81,1
DA:82,24
DA:83,8
DA:85,16
DA:87,24
DA:88,4
DA:91,1
DA:94,1
DA:95,29
DA:96,29
DA:97,29
DA:98,9
DA:101,1
DA:104,1
DA:105,29
DA:106,29
DA:107,29
DA:109,1
DA:112,1
DA:113,34
DA:114,34
DA:115,17
DA:117,34
DA:119,1
DA:122,1
DA:123,39
DA:124,39
DA:125,19
DA:127,39
DA:128,9
DA:131,1
DA:134,1
DA:135,49
DA:136,16
DA:137,33
DA:138,17
DA:139,17
DA:141,16
DA:142,16
DA:143,16
DA:145,49
DA:146,9
DA:149,1
DA:152,13
DA:164,5
DA:175,14
DA:186,5
DA:197,6
DA:207,4
DA:208,4
DA:209,4
DA:210,4
DA:211,4
DA:220,3
DA:234,3
DA:248,1
DA:262,2
DA:263,2
DA:278,2
DA:279,2
DA:280,2
DA:290,3
DA:293,1
LF:89
LH:89
BRDA:16,0,0,5
BRDA:16,0,1,3
BRDA:27,1,0,12
BRDA:27,1,1,12
BRDA:27,1,2,7
BRDA:27,1,3,7
BRDA:37,2,0,0
BRDA:46,3,0,3
BRDA:46,3,1,1
BRDA:46,3,2,1
BRDA:46,3,3,1
BRDA:46,3,4,1
BRDA:46,3,5,1
BRDA:46,3,6,1
BRDA:46,3,7,1
BRDA:46,3,8,1
BRDA:46,3,9,1
BRDA:50,4,0,18
BRDA:50,4,1,39
BRDA:58,5,0,9
BRDA:58,5,1,10
BRDA:67,6,0,6
BRDA:67,6,1,18
BRDA:75,7,0,12
BRDA:75,7,1,12
BRDA:82,8,0,8
BRDA:82,8,1,16
BRDA:87,9,0,4
BRDA:87,9,1,20
BRDA:97,10,0,9
BRDA:97,10,1,20
BRDA:114,11,0,17
BRDA:114,11,1,17
BRDA:124,12,0,19
BRDA:124,12,1,20
BRDA:127,13,0,9
BRDA:127,13,1,30
BRDA:135,14,0,16
BRDA:135,14,1,33
BRDA:137,15,0,17
BRDA:137,15,1,16
BRDA:145,16,0,9
BRDA:145,16,1,40
BRDA:197,17,0,6
BRDA:197,17,1,6
BRDA:197,17,2,5
BRDA:197,17,3,4
BRDA:262,18,0,2
BRDA:262,18,1,1
BRF:49
BRH:48
end_of_record
